2023-07-17 05:42:01,079 p=1953 u=ubuntu n=ansible | [WARNING]:  * Failed to parse /home/ubuntu/ansible-aws-vpc/provision-
stack/inventory-vpro with yaml plugin: YAML inventory has invalid structure, it
should be a dictionary, got: <class
'ansible.parsing.yaml.objects.AnsibleUnicode'>

2023-07-17 05:42:01,080 p=1953 u=ubuntu n=ansible | [WARNING]:  * Failed to parse /home/ubuntu/ansible-aws-vpc/provision-
stack/inventory-vpro with ini plugin: /home/ubuntu/ansible-aws-vpc/provision-
stack/inventory-vpro:2: Expected key=value host variable assignment, got:
172.20.4.220

2023-07-17 05:42:01,080 p=1953 u=ubuntu n=ansible | [WARNING]: Unable to parse /home/ubuntu/ansible-aws-vpc/provision-
stack/inventory-vpro as an inventory source

2023-07-17 05:42:01,080 p=1953 u=ubuntu n=ansible | [WARNING]: No inventory was parsed, only implicit localhost is available

2023-07-17 05:42:01,084 p=1953 u=ubuntu n=ansible | [WARNING]: provided hosts list is empty, only localhost is available. Note that
the implicit localhost does not match 'all'

2023-07-17 05:42:01,254 p=1953 u=ubuntu n=ansible | PLAY [Generate artifact, copy artifact & sql file to files directory] **********
2023-07-17 05:42:01,264 p=1953 u=ubuntu n=ansible | TASK [Gathering Facts] *********************************************************
2023-07-17 05:42:02,620 p=1953 u=ubuntu n=ansible | ok: [localhost]
2023-07-17 05:42:02,636 p=1953 u=ubuntu n=ansible | TASK [Install jdk, maven, git] *************************************************
2023-07-17 05:42:13,519 p=1953 u=ubuntu n=ansible | ok: [localhost] => (item=git)
2023-07-17 05:42:51,584 p=1953 u=ubuntu n=ansible | changed: [localhost] => (item=openjdk-8-jdk)
2023-07-17 05:43:02,459 p=1953 u=ubuntu n=ansible | changed: [localhost] => (item=maven)
2023-07-17 05:43:02,476 p=1953 u=ubuntu n=ansible | TASK [Clone source code from github] *******************************************
2023-07-17 05:43:08,069 p=1953 u=ubuntu n=ansible | changed: [localhost]
2023-07-17 05:43:08,081 p=1953 u=ubuntu n=ansible | TASK [mvn install command to build artifact] ***********************************
2023-07-17 05:43:51,744 p=1953 u=ubuntu n=ansible | changed: [localhost]
2023-07-17 05:43:51,791 p=1953 u=ubuntu n=ansible | TASK [Copy artifacts to files directory] ***************************************
2023-07-17 05:43:52,975 p=1953 u=ubuntu n=ansible | changed: [localhost] => (item=/home/ubuntu/ansible-aws-vpc/provision-stack/Vprofile-repo/target/vprofile-v2.war)
2023-07-17 05:43:52,987 p=1953 u=ubuntu n=ansible | TASK [Copy SQL file to files directory] ****************************************
2023-07-17 05:43:53,426 p=1953 u=ubuntu n=ansible | changed: [localhost]
2023-07-17 05:43:53,444 p=1953 u=ubuntu n=ansible | PLAY RECAP *********************************************************************
2023-07-17 05:43:53,444 p=1953 u=ubuntu n=ansible | localhost                  : ok=6    changed=5    unreachable=0    failed=0    skipped=0    rescued=0    ignored=0   
2023-07-17 09:20:57,886 p=7888 u=ubuntu n=ansible | [WARNING]:  * Failed to parse /home/ubuntu/ansible-aws-vpc/provision-
stack/inventory-vpro with yaml plugin: YAML inventory has invalid structure, it
should be a dictionary, got: <class
'ansible.parsing.yaml.objects.AnsibleUnicode'>

2023-07-17 09:20:57,887 p=7888 u=ubuntu n=ansible | [WARNING]:  * Failed to parse /home/ubuntu/ansible-aws-vpc/provision-
stack/inventory-vpro with ini plugin: /home/ubuntu/ansible-aws-vpc/provision-
stack/inventory-vpro:2: Expected key=value host variable assignment, got:
172.20.4.220

2023-07-17 09:20:57,887 p=7888 u=ubuntu n=ansible | [WARNING]: Unable to parse /home/ubuntu/ansible-aws-vpc/provision-
stack/inventory-vpro as an inventory source

2023-07-17 09:20:57,887 p=7888 u=ubuntu n=ansible | [WARNING]: No inventory was parsed, only implicit localhost is available

2023-07-17 09:20:57,894 p=7888 u=ubuntu n=ansible | [WARNING]: provided hosts list is empty, only localhost is available. Note that
the implicit localhost does not match 'all'

2023-07-17 09:20:58,187 p=7888 u=ubuntu n=ansible | PLAY [Set host to ip mapping in /etc/hosts file of all the instances in the stack] ***
2023-07-17 09:20:58,187 p=7888 u=ubuntu n=ansible | skipping: no hosts matched
2023-07-17 09:20:58,188 p=7888 u=ubuntu n=ansible | PLAY RECAP *********************************************************************
2023-07-17 09:24:16,600 p=7898 u=ubuntu n=ansible | [WARNING]:  * Failed to parse /home/ubuntu/ansible-aws-vpc/provision-
stack/inventory-vpro with yaml plugin: YAML inventory has invalid structure, it
should be a dictionary, got: <class
'ansible.parsing.yaml.objects.AnsibleUnicode'>

2023-07-17 09:24:16,601 p=7898 u=ubuntu n=ansible | [WARNING]:  * Failed to parse /home/ubuntu/ansible-aws-vpc/provision-
stack/inventory-vpro with ini plugin: /home/ubuntu/ansible-aws-vpc/provision-
stack/inventory-vpro:2: Expected key=value host variable assignment, got:
172.20.4.220

2023-07-17 09:24:16,601 p=7898 u=ubuntu n=ansible | [WARNING]: Unable to parse /home/ubuntu/ansible-aws-vpc/provision-
stack/inventory-vpro as an inventory source

2023-07-17 09:24:16,601 p=7898 u=ubuntu n=ansible | [WARNING]: No inventory was parsed, only implicit localhost is available

2023-07-17 09:24:16,605 p=7898 u=ubuntu n=ansible | [WARNING]: provided hosts list is empty, only localhost is available. Note that
the implicit localhost does not match 'all'

2023-07-17 09:24:16,767 p=7898 u=ubuntu n=ansible | PLAY [Set host to ip mapping in /etc/hosts file of all the instances in the stack] ***
2023-07-17 09:24:16,767 p=7898 u=ubuntu n=ansible | skipping: no hosts matched
2023-07-17 09:24:16,768 p=7898 u=ubuntu n=ansible | PLAY RECAP *********************************************************************
2023-07-17 09:30:13,117 p=8007 u=ubuntu n=ansible | [WARNING]:  * Failed to parse /home/ubuntu/ansible-aws-vpc/provision-
stack/inventory-vpro with yaml plugin: YAML inventory has invalid structure, it
should be a dictionary, got: <class
'ansible.parsing.yaml.objects.AnsibleUnicode'>

2023-07-17 09:30:13,118 p=8007 u=ubuntu n=ansible | [WARNING]:  * Failed to parse /home/ubuntu/ansible-aws-vpc/provision-
stack/inventory-vpro with ini plugin: /home/ubuntu/ansible-aws-vpc/provision-
stack/inventory-vpro:2: Expected key=value host variable assignment, got:
172.20.4.220

2023-07-17 09:30:13,118 p=8007 u=ubuntu n=ansible | [WARNING]: Unable to parse /home/ubuntu/ansible-aws-vpc/provision-
stack/inventory-vpro as an inventory source

2023-07-17 09:30:13,118 p=8007 u=ubuntu n=ansible | [WARNING]: No inventory was parsed, only implicit localhost is available

2023-07-17 09:30:13,122 p=8007 u=ubuntu n=ansible | [WARNING]: provided hosts list is empty, only localhost is available. Note that
the implicit localhost does not match 'all'

2023-07-17 09:30:13,281 p=8007 u=ubuntu n=ansible | PLAY [Set host to ip mapping in /etc/hosts file of all the instances in the stack] ***
2023-07-17 09:30:13,282 p=8007 u=ubuntu n=ansible | skipping: no hosts matched
2023-07-17 09:30:13,282 p=8007 u=ubuntu n=ansible | PLAY RECAP *********************************************************************
2023-07-17 09:31:00,819 p=8024 u=ubuntu n=ansible | [WARNING]:  * Failed to parse /home/ubuntu/ansible-aws-vpc/provision-
stack/inventory-vpro with yaml plugin: YAML inventory has invalid structure, it
should be a dictionary, got: <class
'ansible.parsing.yaml.objects.AnsibleUnicode'>

2023-07-17 09:31:00,819 p=8024 u=ubuntu n=ansible | [WARNING]:  * Failed to parse /home/ubuntu/ansible-aws-vpc/provision-
stack/inventory-vpro with ini plugin: /home/ubuntu/ansible-aws-vpc/provision-
stack/inventory-vpro:2: Expected key=value host variable assignment, got:
172.20.4.220

2023-07-17 09:31:00,820 p=8024 u=ubuntu n=ansible | [WARNING]: Unable to parse /home/ubuntu/ansible-aws-vpc/provision-
stack/inventory-vpro as an inventory source

2023-07-17 09:31:00,820 p=8024 u=ubuntu n=ansible | [WARNING]: No inventory was parsed, only implicit localhost is available

2023-07-17 09:31:00,824 p=8024 u=ubuntu n=ansible | [WARNING]: provided hosts list is empty, only localhost is available. Note that
the implicit localhost does not match 'all'

2023-07-17 09:31:00,987 p=8024 u=ubuntu n=ansible | PLAY [Set host to ip mapping in /etc/hosts file of all the instances in the stack] ***
2023-07-17 09:31:00,987 p=8024 u=ubuntu n=ansible | skipping: no hosts matched
2023-07-17 09:31:00,987 p=8024 u=ubuntu n=ansible | PLAY RECAP *********************************************************************
2023-07-17 09:31:47,893 p=8041 u=ubuntu n=ansible | [WARNING]:  * Failed to parse /home/ubuntu/ansible-aws-vpc/provision-
stack/inventory-vpro with yaml plugin: YAML inventory has invalid structure, it
should be a dictionary, got: <class
'ansible.parsing.yaml.objects.AnsibleUnicode'>

2023-07-17 09:31:47,893 p=8041 u=ubuntu n=ansible | [WARNING]:  * Failed to parse /home/ubuntu/ansible-aws-vpc/provision-
stack/inventory-vpro with ini plugin: /home/ubuntu/ansible-aws-vpc/provision-
stack/inventory-vpro:2: Expected key=value host variable assignment, got:
172.20.4.220

2023-07-17 09:31:47,894 p=8041 u=ubuntu n=ansible | [WARNING]: Unable to parse /home/ubuntu/ansible-aws-vpc/provision-
stack/inventory-vpro as an inventory source

2023-07-17 09:31:47,894 p=8041 u=ubuntu n=ansible | [WARNING]: No inventory was parsed, only implicit localhost is available

2023-07-17 09:31:47,897 p=8041 u=ubuntu n=ansible | [WARNING]: provided hosts list is empty, only localhost is available. Note that
the implicit localhost does not match 'all'

2023-07-17 09:31:48,060 p=8041 u=ubuntu n=ansible | PLAY [Set host to ip mapping in /etc/hosts file of all the instances in the stack] ***
2023-07-17 09:31:48,061 p=8041 u=ubuntu n=ansible | skipping: no hosts matched
2023-07-17 09:31:48,061 p=8041 u=ubuntu n=ansible | PLAY RECAP *********************************************************************
2023-07-17 09:35:08,594 p=8060 u=ubuntu n=ansible | [WARNING]:  * Failed to parse /home/ubuntu/ansible-aws-vpc/provision-
stack/inventory-vpro with yaml plugin: YAML inventory has invalid structure, it
should be a dictionary, got: <class
'ansible.parsing.yaml.objects.AnsibleUnicode'>

2023-07-17 09:35:08,595 p=8060 u=ubuntu n=ansible | [WARNING]:  * Failed to parse /home/ubuntu/ansible-aws-vpc/provision-
stack/inventory-vpro with ini plugin: /home/ubuntu/ansible-aws-vpc/provision-
stack/inventory-vpro:27: Section [stack_inst:childre] has unknown type: childre

2023-07-17 09:35:08,595 p=8060 u=ubuntu n=ansible | [WARNING]: Unable to parse /home/ubuntu/ansible-aws-vpc/provision-
stack/inventory-vpro as an inventory source

2023-07-17 09:35:08,596 p=8060 u=ubuntu n=ansible | [WARNING]: No inventory was parsed, only implicit localhost is available

2023-07-17 09:35:08,762 p=8060 u=ubuntu n=ansible | PLAY [Set host to ip mapping in /etc/hosts file of all the instances in the stack] ***
2023-07-17 09:35:08,778 p=8060 u=ubuntu n=ansible | TASK [Gathering Facts] *********************************************************
2023-07-17 09:35:10,191 p=8060 u=ubuntu n=ansible | fatal: [web01]: UNREACHABLE! => {"changed": false, "msg": "Failed to connect to the host via ssh: ubuntu@172.20.4.220: Permission denied (publickey).", "unreachable": true}
2023-07-17 09:35:10,208 p=8060 u=ubuntu n=ansible | fatal: [rmq01]: UNREACHABLE! => {"changed": false, "msg": "Failed to connect to the host via ssh: ubuntu@172.20.4.184: Permission denied (publickey).", "unreachable": true}
2023-07-17 09:35:10,231 p=8060 u=ubuntu n=ansible | fatal: [app01]: UNREACHABLE! => {"changed": false, "msg": "Failed to connect to the host via ssh: ubuntu@172.20.4.174: Permission denied (publickey).", "unreachable": true}
2023-07-17 09:35:10,235 p=8060 u=ubuntu n=ansible | fatal: [mc01]: UNREACHABLE! => {"changed": false, "msg": "Failed to connect to the host via ssh: ubuntu@172.20.4.145: Permission denied (publickey).", "unreachable": true}
2023-07-17 09:35:10,263 p=8060 u=ubuntu n=ansible | fatal: [db01]: UNREACHABLE! => {"changed": false, "msg": "Failed to connect to the host via ssh: ubuntu@172.20.4.213: Permission denied (publickey).", "unreachable": true}
2023-07-17 09:35:11,660 p=8060 u=ubuntu n=ansible | ok: [cntl]
2023-07-17 09:35:11,679 p=8060 u=ubuntu n=ansible | TASK [Import VPC Setup Variable] ***********************************************
2023-07-17 09:35:11,693 p=8060 u=ubuntu n=ansible | ok: [cntl]
2023-07-17 09:35:11,703 p=8060 u=ubuntu n=ansible | TASK [Update hosts file for all the hosts] *************************************
2023-07-17 09:35:12,087 p=8060 u=ubuntu n=ansible | changed: [cntl]
2023-07-17 09:35:12,125 p=8060 u=ubuntu n=ansible | PLAY RECAP *********************************************************************
2023-07-17 09:35:12,125 p=8060 u=ubuntu n=ansible | app01                      : ok=0    changed=0    unreachable=1    failed=0    skipped=0    rescued=0    ignored=0   
2023-07-17 09:35:12,125 p=8060 u=ubuntu n=ansible | cntl                       : ok=3    changed=1    unreachable=0    failed=0    skipped=0    rescued=0    ignored=0   
2023-07-17 09:35:12,126 p=8060 u=ubuntu n=ansible | db01                       : ok=0    changed=0    unreachable=1    failed=0    skipped=0    rescued=0    ignored=0   
2023-07-17 09:35:12,126 p=8060 u=ubuntu n=ansible | mc01                       : ok=0    changed=0    unreachable=1    failed=0    skipped=0    rescued=0    ignored=0   
2023-07-17 09:35:12,126 p=8060 u=ubuntu n=ansible | rmq01                      : ok=0    changed=0    unreachable=1    failed=0    skipped=0    rescued=0    ignored=0   
2023-07-17 09:35:12,126 p=8060 u=ubuntu n=ansible | web01                      : ok=0    changed=0    unreachable=1    failed=0    skipped=0    rescued=0    ignored=0   
2023-07-17 09:39:23,874 p=8229 u=ubuntu n=ansible | [WARNING]:  * Failed to parse /home/ubuntu/ansible-aws-vpc/provision-
stack/inventory-vpro with yaml plugin: YAML inventory has invalid structure, it
should be a dictionary, got: <class
'ansible.parsing.yaml.objects.AnsibleUnicode'>

2023-07-17 09:39:23,875 p=8229 u=ubuntu n=ansible | [WARNING]:  * Failed to parse /home/ubuntu/ansible-aws-vpc/provision-
stack/inventory-vpro with ini plugin: /home/ubuntu/ansible-aws-vpc/provision-
stack/inventory-vpro:27: Section [stack_inst:childre] has unknown type: childre

2023-07-17 09:39:23,875 p=8229 u=ubuntu n=ansible | [WARNING]: Unable to parse /home/ubuntu/ansible-aws-vpc/provision-
stack/inventory-vpro as an inventory source

2023-07-17 09:39:23,876 p=8229 u=ubuntu n=ansible | [WARNING]: No inventory was parsed, only implicit localhost is available

2023-07-17 09:39:24,045 p=8229 u=ubuntu n=ansible | PLAY [Set host to ip mapping in /etc/hosts file of all the instances in the stack] ***
2023-07-17 09:39:24,054 p=8229 u=ubuntu n=ansible | TASK [Gathering Facts] *********************************************************
2023-07-17 09:39:25,456 p=8229 u=ubuntu n=ansible | fatal: [web01]: UNREACHABLE! => {"changed": false, "msg": "Failed to connect to the host via ssh: ubuntu@172.20.4.220: Permission denied (publickey).", "unreachable": true}
2023-07-17 09:39:25,499 p=8229 u=ubuntu n=ansible | fatal: [app01]: UNREACHABLE! => {"changed": false, "msg": "Failed to connect to the host via ssh: ubuntu@172.20.4.174: Permission denied (publickey).", "unreachable": true}
2023-07-17 09:39:25,520 p=8229 u=ubuntu n=ansible | fatal: [rmq01]: UNREACHABLE! => {"changed": false, "msg": "Failed to connect to the host via ssh: ubuntu@172.20.4.184: Permission denied (publickey).", "unreachable": true}
2023-07-17 09:39:25,556 p=8229 u=ubuntu n=ansible | fatal: [db01]: UNREACHABLE! => {"changed": false, "msg": "Failed to connect to the host via ssh: ubuntu@172.20.4.213: Permission denied (publickey).", "unreachable": true}
2023-07-17 09:39:25,562 p=8229 u=ubuntu n=ansible | fatal: [mc01]: UNREACHABLE! => {"changed": false, "msg": "Failed to connect to the host via ssh: ubuntu@172.20.4.145: Permission denied (publickey).", "unreachable": true}
2023-07-17 09:39:26,800 p=8229 u=ubuntu n=ansible | ok: [cntl]
2023-07-17 09:39:26,817 p=8229 u=ubuntu n=ansible | TASK [Import VPC Setup Variable] ***********************************************
2023-07-17 09:39:26,831 p=8229 u=ubuntu n=ansible | ok: [cntl]
2023-07-17 09:39:26,841 p=8229 u=ubuntu n=ansible | TASK [Update hosts file for all the hosts] *************************************
2023-07-17 09:39:27,215 p=8229 u=ubuntu n=ansible | ok: [cntl]
2023-07-17 09:39:27,233 p=8229 u=ubuntu n=ansible | PLAY RECAP *********************************************************************
2023-07-17 09:39:27,233 p=8229 u=ubuntu n=ansible | app01                      : ok=0    changed=0    unreachable=1    failed=0    skipped=0    rescued=0    ignored=0   
2023-07-17 09:39:27,233 p=8229 u=ubuntu n=ansible | cntl                       : ok=3    changed=0    unreachable=0    failed=0    skipped=0    rescued=0    ignored=0   
2023-07-17 09:39:27,234 p=8229 u=ubuntu n=ansible | db01                       : ok=0    changed=0    unreachable=1    failed=0    skipped=0    rescued=0    ignored=0   
2023-07-17 09:39:27,234 p=8229 u=ubuntu n=ansible | mc01                       : ok=0    changed=0    unreachable=1    failed=0    skipped=0    rescued=0    ignored=0   
2023-07-17 09:39:27,234 p=8229 u=ubuntu n=ansible | rmq01                      : ok=0    changed=0    unreachable=1    failed=0    skipped=0    rescued=0    ignored=0   
2023-07-17 09:39:27,234 p=8229 u=ubuntu n=ansible | web01                      : ok=0    changed=0    unreachable=1    failed=0    skipped=0    rescued=0    ignored=0   
2023-07-17 09:44:10,830 p=8397 u=ubuntu n=ansible | [WARNING]:  * Failed to parse /home/ubuntu/ansible-aws-vpc/provision-
stack/inventory-vpro with yaml plugin: YAML inventory has invalid structure, it
should be a dictionary, got: <class
'ansible.parsing.yaml.objects.AnsibleUnicode'>

2023-07-17 09:44:10,830 p=8397 u=ubuntu n=ansible | [WARNING]:  * Failed to parse /home/ubuntu/ansible-aws-vpc/provision-
stack/inventory-vpro with ini plugin: /home/ubuntu/ansible-aws-vpc/provision-
stack/inventory-vpro:27: Section [stack_inst:childre] has unknown type: childre

2023-07-17 09:44:10,831 p=8397 u=ubuntu n=ansible | [WARNING]: Unable to parse /home/ubuntu/ansible-aws-vpc/provision-
stack/inventory-vpro as an inventory source

2023-07-17 09:44:10,831 p=8397 u=ubuntu n=ansible | [WARNING]: No inventory was parsed, only implicit localhost is available

2023-07-17 09:44:10,998 p=8397 u=ubuntu n=ansible | PLAY [Set host to ip mapping in /etc/hosts file of all the instances in the stack] ***
2023-07-17 09:44:11,007 p=8397 u=ubuntu n=ansible | TASK [Gathering Facts] *********************************************************
2023-07-17 09:44:12,438 p=8397 u=ubuntu n=ansible | fatal: [rmq01]: UNREACHABLE! => {"changed": false, "msg": "Failed to connect to the host via ssh: ubuntu@172.20.4.184: Permission denied (publickey).", "unreachable": true}
2023-07-17 09:44:12,440 p=8397 u=ubuntu n=ansible | fatal: [web01]: UNREACHABLE! => {"changed": false, "msg": "Failed to connect to the host via ssh: ubuntu@172.20.4.220: Permission denied (publickey).", "unreachable": true}
2023-07-17 09:44:12,463 p=8397 u=ubuntu n=ansible | fatal: [app01]: UNREACHABLE! => {"changed": false, "msg": "Failed to connect to the host via ssh: ubuntu@172.20.4.174: Permission denied (publickey).", "unreachable": true}
2023-07-17 09:44:12,515 p=8397 u=ubuntu n=ansible | fatal: [mc01]: UNREACHABLE! => {"changed": false, "msg": "Failed to connect to the host via ssh: ubuntu@172.20.4.145: Permission denied (publickey).", "unreachable": true}
2023-07-17 09:44:12,520 p=8397 u=ubuntu n=ansible | fatal: [db01]: UNREACHABLE! => {"changed": false, "msg": "Failed to connect to the host via ssh: ubuntu@172.20.4.213: Permission denied (publickey).", "unreachable": true}
2023-07-17 09:44:13,775 p=8397 u=ubuntu n=ansible | ok: [cntl]
2023-07-17 09:44:13,792 p=8397 u=ubuntu n=ansible | TASK [Import VPC Setup Variable] ***********************************************
2023-07-17 09:44:13,807 p=8397 u=ubuntu n=ansible | ok: [cntl]
2023-07-17 09:44:13,817 p=8397 u=ubuntu n=ansible | TASK [Update hosts file for all the hosts] *************************************
2023-07-17 09:44:14,207 p=8397 u=ubuntu n=ansible | ok: [cntl]
2023-07-17 09:44:14,225 p=8397 u=ubuntu n=ansible | PLAY RECAP *********************************************************************
2023-07-17 09:44:14,226 p=8397 u=ubuntu n=ansible | app01                      : ok=0    changed=0    unreachable=1    failed=0    skipped=0    rescued=0    ignored=0   
2023-07-17 09:44:14,226 p=8397 u=ubuntu n=ansible | cntl                       : ok=3    changed=0    unreachable=0    failed=0    skipped=0    rescued=0    ignored=0   
2023-07-17 09:44:14,226 p=8397 u=ubuntu n=ansible | db01                       : ok=0    changed=0    unreachable=1    failed=0    skipped=0    rescued=0    ignored=0   
2023-07-17 09:44:14,226 p=8397 u=ubuntu n=ansible | mc01                       : ok=0    changed=0    unreachable=1    failed=0    skipped=0    rescued=0    ignored=0   
2023-07-17 09:44:14,227 p=8397 u=ubuntu n=ansible | rmq01                      : ok=0    changed=0    unreachable=1    failed=0    skipped=0    rescued=0    ignored=0   
2023-07-17 09:44:14,227 p=8397 u=ubuntu n=ansible | web01                      : ok=0    changed=0    unreachable=1    failed=0    skipped=0    rescued=0    ignored=0   
2023-07-17 09:46:00,991 p=8562 u=ubuntu n=ansible | PLAY [Set host to ip mapping in /etc/hosts file of all the instances in the stack] ***
2023-07-17 09:46:01,000 p=8562 u=ubuntu n=ansible | TASK [Gathering Facts] *********************************************************
2023-07-17 09:46:03,010 p=8562 u=ubuntu n=ansible | ok: [web01]
2023-07-17 09:46:03,062 p=8562 u=ubuntu n=ansible | ok: [cntl]
2023-07-17 09:46:03,796 p=8562 u=ubuntu n=ansible | ok: [rmq01]
2023-07-17 09:46:03,822 p=8562 u=ubuntu n=ansible | ok: [mc01]
2023-07-17 09:46:03,856 p=8562 u=ubuntu n=ansible | ok: [app01]
2023-07-17 09:46:05,809 p=8562 u=ubuntu n=ansible | ok: [db01]
2023-07-17 09:46:05,826 p=8562 u=ubuntu n=ansible | TASK [Import VPC Setup Variable] ***********************************************
2023-07-17 09:46:05,878 p=8562 u=ubuntu n=ansible | ok: [cntl]
2023-07-17 09:46:05,897 p=8562 u=ubuntu n=ansible | ok: [web01]
2023-07-17 09:46:05,922 p=8562 u=ubuntu n=ansible | ok: [app01]
2023-07-17 09:46:05,950 p=8562 u=ubuntu n=ansible | ok: [rmq01]
2023-07-17 09:46:05,954 p=8562 u=ubuntu n=ansible | ok: [mc01]
2023-07-17 09:46:05,960 p=8562 u=ubuntu n=ansible | ok: [db01]
2023-07-17 09:46:05,970 p=8562 u=ubuntu n=ansible | TASK [Update hosts file for all the hosts] *************************************
2023-07-17 09:46:06,798 p=8562 u=ubuntu n=ansible | changed: [web01]
2023-07-17 09:46:06,802 p=8562 u=ubuntu n=ansible | changed: [app01]
2023-07-17 09:46:06,802 p=8562 u=ubuntu n=ansible | changed: [rmq01]
2023-07-17 09:46:06,803 p=8562 u=ubuntu n=ansible | changed: [mc01]
2023-07-17 09:46:06,857 p=8562 u=ubuntu n=ansible | ok: [cntl]
2023-07-17 09:46:07,117 p=8562 u=ubuntu n=ansible | changed: [db01]
2023-07-17 09:46:07,136 p=8562 u=ubuntu n=ansible | PLAY RECAP *********************************************************************
2023-07-17 09:46:07,136 p=8562 u=ubuntu n=ansible | app01                      : ok=3    changed=1    unreachable=0    failed=0    skipped=0    rescued=0    ignored=0   
2023-07-17 09:46:07,136 p=8562 u=ubuntu n=ansible | cntl                       : ok=3    changed=0    unreachable=0    failed=0    skipped=0    rescued=0    ignored=0   
2023-07-17 09:46:07,136 p=8562 u=ubuntu n=ansible | db01                       : ok=3    changed=1    unreachable=0    failed=0    skipped=0    rescued=0    ignored=0   
2023-07-17 09:46:07,137 p=8562 u=ubuntu n=ansible | mc01                       : ok=3    changed=1    unreachable=0    failed=0    skipped=0    rescued=0    ignored=0   
2023-07-17 09:46:07,137 p=8562 u=ubuntu n=ansible | rmq01                      : ok=3    changed=1    unreachable=0    failed=0    skipped=0    rescued=0    ignored=0   
2023-07-17 09:46:07,137 p=8562 u=ubuntu n=ansible | web01                      : ok=3    changed=1    unreachable=0    failed=0    skipped=0    rescued=0    ignored=0   
2023-07-17 09:47:01,010 p=8824 u=ubuntu n=ansible | [WARNING]:  * Failed to parse /home/ubuntu/ansible-aws-vpc/provision-
stack/inventory-vpro with yaml plugin: YAML inventory has invalid structure, it
should be a dictionary, got: <class
'ansible.parsing.yaml.objects.AnsibleUnicode'>

2023-07-17 09:47:01,010 p=8824 u=ubuntu n=ansible | [WARNING]:  * Failed to parse /home/ubuntu/ansible-aws-vpc/provision-
stack/inventory-vpro with ini plugin: /home/ubuntu/ansible-aws-vpc/provision-
stack/inventory-vpro:27: Section [stack_inst:childre] has unknown type: childre

2023-07-17 09:47:01,011 p=8824 u=ubuntu n=ansible | [WARNING]: Unable to parse /home/ubuntu/ansible-aws-vpc/provision-
stack/inventory-vpro as an inventory source

2023-07-17 09:47:01,011 p=8824 u=ubuntu n=ansible | [WARNING]: No inventory was parsed, only implicit localhost is available

2023-07-17 09:47:01,179 p=8824 u=ubuntu n=ansible | PLAY [Set host to ip mapping in /etc/hosts file of all the instances in the stack] ***
2023-07-17 09:47:01,189 p=8824 u=ubuntu n=ansible | TASK [Gathering Facts] *********************************************************
2023-07-17 09:47:02,611 p=8824 u=ubuntu n=ansible | fatal: [web01]: UNREACHABLE! => {"changed": false, "msg": "Failed to connect to the host via ssh: ubuntu@172.20.4.220: Permission denied (publickey).", "unreachable": true}
2023-07-17 09:47:02,630 p=8824 u=ubuntu n=ansible | fatal: [app01]: UNREACHABLE! => {"changed": false, "msg": "Failed to connect to the host via ssh: ubuntu@172.20.4.174: Permission denied (publickey).", "unreachable": true}
2023-07-17 09:47:02,654 p=8824 u=ubuntu n=ansible | fatal: [rmq01]: UNREACHABLE! => {"changed": false, "msg": "Failed to connect to the host via ssh: ubuntu@172.20.4.184: Permission denied (publickey).", "unreachable": true}
2023-07-17 09:47:02,683 p=8824 u=ubuntu n=ansible | fatal: [mc01]: UNREACHABLE! => {"changed": false, "msg": "Failed to connect to the host via ssh: ubuntu@172.20.4.145: Permission denied (publickey).", "unreachable": true}
2023-07-17 09:47:02,704 p=8824 u=ubuntu n=ansible | fatal: [db01]: UNREACHABLE! => {"changed": false, "msg": "Failed to connect to the host via ssh: ubuntu@172.20.4.213: Permission denied (publickey).", "unreachable": true}
2023-07-17 09:47:03,949 p=8824 u=ubuntu n=ansible | ok: [cntl]
2023-07-17 09:47:03,967 p=8824 u=ubuntu n=ansible | TASK [Import VPC Setup Variable] ***********************************************
2023-07-17 09:47:03,981 p=8824 u=ubuntu n=ansible | ok: [cntl]
2023-07-17 09:47:03,991 p=8824 u=ubuntu n=ansible | TASK [Update hosts file for all the hosts] *************************************
2023-07-17 09:47:04,375 p=8824 u=ubuntu n=ansible | ok: [cntl]
2023-07-17 09:47:04,393 p=8824 u=ubuntu n=ansible | PLAY RECAP *********************************************************************
2023-07-17 09:47:04,393 p=8824 u=ubuntu n=ansible | app01                      : ok=0    changed=0    unreachable=1    failed=0    skipped=0    rescued=0    ignored=0   
2023-07-17 09:47:04,393 p=8824 u=ubuntu n=ansible | cntl                       : ok=3    changed=0    unreachable=0    failed=0    skipped=0    rescued=0    ignored=0   
2023-07-17 09:47:04,394 p=8824 u=ubuntu n=ansible | db01                       : ok=0    changed=0    unreachable=1    failed=0    skipped=0    rescued=0    ignored=0   
2023-07-17 09:47:04,394 p=8824 u=ubuntu n=ansible | mc01                       : ok=0    changed=0    unreachable=1    failed=0    skipped=0    rescued=0    ignored=0   
2023-07-17 09:47:04,394 p=8824 u=ubuntu n=ansible | rmq01                      : ok=0    changed=0    unreachable=1    failed=0    skipped=0    rescued=0    ignored=0   
2023-07-17 09:47:04,395 p=8824 u=ubuntu n=ansible | web01                      : ok=0    changed=0    unreachable=1    failed=0    skipped=0    rescued=0    ignored=0   
2023-07-17 09:48:10,756 p=9002 u=ubuntu n=ansible | PLAY [Set host to ip mapping in /etc/hosts file of all the instances in the stack] ***
2023-07-17 09:48:10,765 p=9002 u=ubuntu n=ansible | TASK [Gathering Facts] *********************************************************
2023-07-17 09:48:12,706 p=9002 u=ubuntu n=ansible | ok: [web01]
2023-07-17 09:48:12,923 p=9002 u=ubuntu n=ansible | ok: [app01]
2023-07-17 09:48:12,930 p=9002 u=ubuntu n=ansible | ok: [rmq01]
2023-07-17 09:48:12,936 p=9002 u=ubuntu n=ansible | ok: [mc01]
2023-07-17 09:48:12,955 p=9002 u=ubuntu n=ansible | ok: [cntl]
2023-07-17 09:48:14,475 p=9002 u=ubuntu n=ansible | ok: [db01]
2023-07-17 09:48:14,492 p=9002 u=ubuntu n=ansible | TASK [Import VPC Setup Variable] ***********************************************
2023-07-17 09:48:14,542 p=9002 u=ubuntu n=ansible | ok: [cntl]
2023-07-17 09:48:14,562 p=9002 u=ubuntu n=ansible | ok: [web01]
2023-07-17 09:48:14,586 p=9002 u=ubuntu n=ansible | ok: [app01]
2023-07-17 09:48:14,607 p=9002 u=ubuntu n=ansible | ok: [rmq01]
2023-07-17 09:48:14,608 p=9002 u=ubuntu n=ansible | ok: [mc01]
2023-07-17 09:48:14,617 p=9002 u=ubuntu n=ansible | ok: [db01]
2023-07-17 09:48:14,627 p=9002 u=ubuntu n=ansible | TASK [Update hosts file for all the hosts] *************************************
2023-07-17 09:48:15,450 p=9002 u=ubuntu n=ansible | ok: [app01]
2023-07-17 09:48:15,451 p=9002 u=ubuntu n=ansible | ok: [mc01]
2023-07-17 09:48:15,454 p=9002 u=ubuntu n=ansible | ok: [web01]
2023-07-17 09:48:15,454 p=9002 u=ubuntu n=ansible | ok: [rmq01]
2023-07-17 09:48:15,503 p=9002 u=ubuntu n=ansible | ok: [cntl]
2023-07-17 09:48:15,766 p=9002 u=ubuntu n=ansible | ok: [db01]
2023-07-17 09:48:15,783 p=9002 u=ubuntu n=ansible | PLAY RECAP *********************************************************************
2023-07-17 09:48:15,784 p=9002 u=ubuntu n=ansible | app01                      : ok=3    changed=0    unreachable=0    failed=0    skipped=0    rescued=0    ignored=0   
2023-07-17 09:48:15,784 p=9002 u=ubuntu n=ansible | cntl                       : ok=3    changed=0    unreachable=0    failed=0    skipped=0    rescued=0    ignored=0   
2023-07-17 09:48:15,784 p=9002 u=ubuntu n=ansible | db01                       : ok=3    changed=0    unreachable=0    failed=0    skipped=0    rescued=0    ignored=0   
2023-07-17 09:48:15,784 p=9002 u=ubuntu n=ansible | mc01                       : ok=3    changed=0    unreachable=0    failed=0    skipped=0    rescued=0    ignored=0   
2023-07-17 09:48:15,785 p=9002 u=ubuntu n=ansible | rmq01                      : ok=3    changed=0    unreachable=0    failed=0    skipped=0    rescued=0    ignored=0   
2023-07-17 09:48:15,785 p=9002 u=ubuntu n=ansible | web01                      : ok=3    changed=0    unreachable=0    failed=0    skipped=0    rescued=0    ignored=0   
2023-07-17 10:17:09,162 p=9403 u=ubuntu n=ansible | [WARNING]: Could not match supplied host pattern, ignoring: dbservgrp

2023-07-17 10:17:09,163 p=9403 u=ubuntu n=ansible | PLAY [Setup Mysql with accounts db and remote login] ***************************
2023-07-17 10:17:09,163 p=9403 u=ubuntu n=ansible | skipping: no hosts matched
2023-07-17 10:17:09,164 p=9403 u=ubuntu n=ansible | PLAY RECAP *********************************************************************
